User Found:
ID: a874329b-d89f-45ec-afc6-86709e021132
Name: Carlos Joao
Role: "TECHNICIAN"
Status: ACTIVE
CompanyId: 29c29a55-6bda-44bc-9a34-1054ec02ad76
ServiceTypes: [
  {
    "id": "33efa4e4-39a8-47cd-93bb-c43c71c8facf",
    "userId": "a874329b-d89f-45ec-afc6-86709e021132",
    "serviceTypeId": "053b7197-7354-461e-9f00-49a11b4e46ab",
    "createdAt": "2026-02-16T14:12:05.701Z",
    "serviceType": {
      "id": "053b7197-7354-461e-9f00-49a11b4e46ab",
      "companyId": "29c29a55-6bda-44bc-9a34-1054ec02ad76",
      "name": "Limpeza",
      "description": "Serviços de limpeza",
      "active": true,
      "createdAt": "2026-02-15T22:06:07.000Z",
      "updatedAt": "2026-02-15T22:06:07.000Z"
    }
  }
]
