src/ai/ai.service.ts(146,13): error TS2322: Type 'string | undefined' is not assignable to type 'string'.
  Type 'undefined' is not assignable to type 'string'.
src/billing/routes/subscriptions.ts(62,13): error TS18047: 'subscription' is possibly 'null'.
src/billing/routes/subscriptions.ts(63,17): error TS18047: 'subscription' is possibly 'null'.
src/billing/routes/subscriptions.ts(64,21): error TS18047: 'subscription' is possibly 'null'.
src/billing/routes/subscriptions.ts(105,15): error TS18047: 'result.previousPlan' is possibly 'null'.
src/billing/routes/subscriptions.ts(106,15): error TS18047: 'result.previousPlan' is possibly 'null'.
src/billing/routes/subscriptions.ts(148,15): error TS18047: 'result.previousPlan' is possibly 'null'.
src/billing/routes/subscriptions.ts(149,15): error TS18047: 'result.previousPlan' is possibly 'null'.
src/billing/routes/subscriptions.ts(181,13): error TS18047: 'subscription' is possibly 'null'.
src/billing/routes/subscriptions.ts(182,17): error TS18047: 'subscription' is possibly 'null'.
src/billing/routes/subscriptions.ts(183,21): error TS18047: 'subscription' is possibly 'null'.
src/billing/services/subscriptionService.ts(76,74): error TS18047: 'subscription' is possibly 'null'.
src/billing/services/subscriptionService.ts(159,35): error TS18047: 'currentPlan' is possibly 'null'.
src/billing/services/subscriptionService.ts(181,17): error TS18047: 'currentPlan' is possibly 'null'.
src/billing/services/subscriptionService.ts(182,19): error TS18047: 'currentPlan' is possibly 'null'.
src/billing/services/subscriptionService.ts(222,36): error TS18047: 'currentPlan' is possibly 'null'.
src/billing/services/subscriptionService.ts(249,17): error TS18047: 'currentPlan' is possibly 'null'.
src/billing/services/subscriptionService.ts(250,19): error TS18047: 'currentPlan' is possibly 'null'.
src/billing/services/subscriptionService.ts(340,56): error TS18047: 'plan' is possibly 'null'.
src/billing/services/subscriptionService.ts(354,54): error TS18047: 'plan' is possibly 'null'.
src/billing/services/subscriptionService.ts(367,23): error TS18047: 'plan' is possibly 'null'.
src/billing/services/subscriptionService.ts(383,54): error TS18047: 'plan' is possibly 'null'.
src/billing/services/subscriptionService.ts(414,48): error TS18047: 'plan' is possibly 'null'.
src/billing/services/subscriptionService.ts(415,48): error TS18047: 'plan' is possibly 'null'.
src/billing/services/subscriptionService.ts(416,57): error TS18047: 'plan' is possibly 'null'.
src/billing/services/subscriptionService.ts(417,25): error TS18047: 'plan' is possibly 'null'.
src/billing/services/subscriptionService.ts(418,21): error TS18047: 'plan' is possibly 'null'.
src/billing/services/subscriptionService.ts(460,29): error TS18047: 'subscription.plan' is possibly 'null'.
src/billing/services/subscriptionService.ts(474,13): error TS18047: 'subscription.plan' is possibly 'null'.
src/billing/services/subscriptionService.ts(475,15): error TS18047: 'subscription.plan' is possibly 'null'.
src/billing/services/subscriptionService.ts(476,15): error TS18047: 'subscription.plan' is possibly 'null'.
src/billing/services/subscriptionService.ts(477,26): error TS18047: 'subscription.plan' is possibly 'null'.
src/billing/services/usageService.ts(23,77): error TS18047: 'counter' is possibly 'null'.
src/billing/services/usageService.ts(41,78): error TS18047: 'counter' is possibly 'null'.
src/billing/services/usageService.ts(131,50): error TS18047: 'plan' is possibly 'null'.
src/billing/services/usageService.ts(134,17): error TS18047: 'plan' is possibly 'null'.
src/billing/services/usageService.ts(137,17): error TS18047: 'plan' is possibly 'null'.
src/billing/services/usageService.ts(140,48): error TS18047: 'plan' is possibly 'null'.
src/billing/services/usageService.ts(143,48): error TS18047: 'plan' is possibly 'null'.
src/billing/services/usageService.ts(259,48): error TS18047: 'plan' is possibly 'null'.
src/billing/services/usageService.ts(260,48): error TS18047: 'plan' is possibly 'null'.
src/billing/services/usageService.ts(261,57): error TS18047: 'plan' is possibly 'null'.
src/billing/services/usageService.ts(262,25): error TS18047: 'plan' is possibly 'null'.
src/billing/services/usageService.ts(263,21): error TS18047: 'plan' is possibly 'null'.
src/features/repositories/featureFlagRepository.ts(111,7): error TS2322: Type '"general" | FeatureCategory' is not assignable to type 'FeatureCategory | undefined'.
  Type '"general"' is not assignable to type 'FeatureCategory | undefined'.
src/features/routes/features.ts(68,18): error TS18047: 'o.featureFlag' is possibly 'null'.
src/features/routes/features.ts(69,18): error TS18047: 'o.featureFlag' is possibly 'null'.
src/features/routes/features.ts(107,15): error TS18047: 'result' is possibly 'null'.
src/features/routes/features.ts(107,15): error TS18047: 'result.featureFlag' is possibly 'null'.
src/features/routes/features.ts(108,15): error TS18047: 'result' is possibly 'null'.
src/features/routes/features.ts(108,15): error TS18047: 'result.featureFlag' is possibly 'null'.
src/features/routes/features.ts(109,18): error TS18047: 'result' is possibly 'null'.
src/features/routes/features.ts(110,20): error TS18047: 'result' is possibly 'null'.
src/routes/integrations.ts(74,10): error TS7053: Element implicitly has an 'any' type because expression of type 'string' can't be used to index type '{ description: string; externalTicketId: string; unitId?: string | undefined; title?: string | undefined; category?: string | undefined; priority?: string | undefined; requesterName?: string | undefined; requesterContact?: string | undefined; unitName?: string | undefined; externalSystem?: string | undefined; }'.
  No index signature with a parameter of type 'string' was found on type '{ description: string; externalTicketId: string; unitId?: string | undefined; title?: string | undefined; category?: string | undefined; priority?: string | undefined; requesterName?: string | undefined; requesterContact?: string | undefined; unitName?: string | undefined; externalSystem?: string | undefined; }'.
src/routes/integrations.ts(74,49): error TS7053: Element implicitly has an 'any' type because expression of type 'string' can't be used to index type '{ description: string; externalTicketId: string; unitId?: string | undefined; title?: string | undefined; category?: string | undefined; priority?: string | undefined; requesterName?: string | undefined; requesterContact?: string | undefined; unitName?: string | undefined; externalSystem?: string | undefined; }'.
  No index signature with a parameter of type 'string' was found on type '{ description: string; externalTicketId: string; unitId?: string | undefined; title?: string | undefined; category?: string | undefined; priority?: string | undefined; requesterName?: string | undefined; requesterContact?: string | undefined; unitName?: string | undefined; externalSystem?: string | undefined; }'.
src/routes/integrations.ts(134,32): error TS2538: Type 'undefined' cannot be used as an index type.
src/routes/integrations.ts(150,20): error TS2538: Type 'undefined' cannot be used as an index type.
src/routes/integrations.ts(152,23): error TS2538: Type 'undefined' cannot be used as an index type.
src/routes/integrations.ts(154,28): error TS2538: Type 'undefined' cannot be used as an index type.
src/routes/integrations.ts(155,31): error TS2538: Type 'undefined' cannot be used as an index type.
src/routes/media.ts(19,16): error TS2352: Conversion of type 'string | null' to type 'File' may be a mistake because neither type sufficiently overlaps with the other. If this was intentional, convert the expression to 'unknown' first.
  Type 'string' is not comparable to type 'File'.
src/routes/media.ts(75,9): error TS18047: 'media' is possibly 'null'.
src/routes/media.ts(76,11): error TS18047: 'media' is possibly 'null'.
src/routes/media.ts(77,11): error TS18047: 'media' is possibly 'null'.
src/routes/media.ts(78,11): error TS18047: 'media' is possibly 'null'.
src/routes/media.ts(79,16): error TS18047: 'media' is possibly 'null'.
src/routes/media.ts(123,14): error TS18047: 'media' is possibly 'null'.
src/routes/superadmin.ts(13,55): error TS2345: Argument of type '"SUPER_ADMIN"' is not assignable to parameter of type 'UserRole'.
src/routes/users.ts(57,15): error TS18048: 'user' is possibly 'undefined'.
