src/ai/ai.service.ts(146,13): error TS2322: Type 'string | undefined' is not assignable to type 'string'.
  Type 'undefined' is not assignable to type 'string'.
src/billing/routes/subscriptions.ts(62,13): error TS18047: 'subscription' is possibly 'null'.
src/billing/routes/subscriptions.ts(63,17): error TS18047: 'subscription' is possibly 'null'.
src/billing/routes/subscriptions.ts(64,21): error TS18047: 'subscription' is possibly 'null'.
src/billing/routes/subscriptions.ts(105,15): error TS18047: 'result.previousPlan' is possibly 'null'.
src/billing/routes/subscriptions.ts(106,15): error TS18047: 'result.previousPlan' is possibly 'null'.
src/billing/routes/subscriptions.ts(148,15): error TS18047: 'result.previousPlan' is possibly 'null'.
src/billing/routes/subscriptions.ts(149,15): error TS18047: 'result.previousPlan' is possibly 'null'.
src/billing/routes/subscriptions.ts(181,13): error TS18047: 'subscription' is possibly 'null'.
src/billing/routes/subscriptions.ts(182,17): error TS18047: 'subscription' is possibly 'null'.
src/billing/routes/subscriptions.ts(183,21): error TS18047: 'subscription' is possibly 'null'.
src/billing/services/subscriptionService.ts(76,74): error TS18047: 'subscription' is possibly 'null'.
src/billing/services/subscriptionService.ts(159,35): error TS18047: 'currentPlan' is possibly 'null'.
src/billing/services/subscriptionService.ts(181,17): error TS18047: 'currentPlan' is possibly 'null'.
src/billing/services/subscriptionService.ts(182,19): error TS18047: 'currentPlan' is possibly 'null'.
src/billing/services/subscriptionService.ts(222,36): error TS18047: 'currentPlan' is possibly 'null'.
src/billing/services/subscriptionService.ts(249,17): error TS18047: 'currentPlan' is possibly 'null'.
src/billing/services/subscriptionService.ts(250,19): error TS18047: 'currentPlan' is possibly 'null'.
src/features/repositories/featureFlagRepository.ts(111,7): error TS2322: Type '"general" | FeatureCategory' is not assignable to type 'FeatureCategory | undefined'.
  Type '"general"' is not assignable to type 'FeatureCategory | undefined'.
src/features/routes/features.ts(68,18): error TS18047: 'o.featureFlag' is possibly 'null'.
src/features/routes/features.ts(69,18): error TS18047: 'o.featureFlag' is possibly 'null'.
src/features/routes/features.ts(107,15): error TS18047: 'result' is possibly 'null'.
src/features/routes/features.ts(107,15): error TS18047: 'result.featureFlag' is possibly 'null'.
src/features/routes/features.ts(108,15): error TS18047: 'result' is possibly 'null'.
src/features/routes/features.ts(108,15): error TS18047: 'result.featureFlag' is possibly 'null'.
src/features/routes/features.ts(109,18): error TS18047: 'result' is possibly 'null'.
src/features/routes/features.ts(110,20): error TS18047: 'result' is possibly 'null'.
src/routes/media.ts(19,16): error TS2352: Conversion of type 'string | null' to type 'File' may be a mistake because neither type sufficiently overlaps with the other. If this was intentional, convert the expression to 'unknown' first.
  Type 'string' is not comparable to type 'File'.
src/routes/media.ts(75,9): error TS18047: 'media' is possibly 'null'.
src/routes/media.ts(76,11): error TS18047: 'media' is possibly 'null'.
src/routes/media.ts(77,11): error TS18047: 'media' is possibly 'null'.
src/routes/media.ts(78,11): error TS18047: 'media' is possibly 'null'.
src/routes/media.ts(79,16): error TS18047: 'media' is possibly 'null'.
src/routes/media.ts(123,14): error TS18047: 'media' is possibly 'null'.
src/routes/superadmin.ts(13,55): error TS2345: Argument of type '"SUPER_ADMIN"' is not assignable to parameter of type 'UserRole'.
src/routes/users.ts(57,15): error TS18048: 'user' is possibly 'undefined'.
